#
# There is insufficient memory for the Java Runtime Environment to continue.
# Native memory allocation (malloc) failed to allocate 505616 bytes for Chunk::new
# Possible reasons:
#   The system is out of physical RAM or swap space
#   In 32 bit mode, the process size limit was hit
# Possible solutions:
#   Reduce memory load on the system
#   Increase physical memory or swap space
#   Check if swap backing store is full
#   Use 64 bit Java on a 64 bit OS
#   Decrease Java heap size (-Xmx/-Xms)
#   Decrease number of Java threads
#   Decrease Java thread stack sizes (-Xss)
#   Set larger code cache with -XX:ReservedCodeCacheSize=
# This output file may be truncated or incomplete.
#
#  Out of Memory Error (allocation.cpp:390), pid=8440, tid=2728
#
# JRE version: Java(TM) SE Runtime Environment (8.0_25-b18) (build 1.8.0_25-b18)
# Java VM: Java HotSpot(TM) 64-Bit Server VM (25.25-b02 mixed mode windows-amd64 compressed oops)
# Failed to write core dump. Minidumps are not enabled by default on client versions of Windows
#

---------------  T H R E A D  ---------------

Current thread (0x0000000015328800):  JavaThread "C2 CompilerThread0" daemon [_thread_in_native, id=2728, stack(0x0000000016830000,0x0000000016930000)]

Stack: [0x0000000016830000,0x0000000016930000]
Native frames: (J=compiled Java code, j=interpreted, Vv=VM code, C=native code)
V  [jvm.dll+0x31667a]
V  [jvm.dll+0x267073]
V  [jvm.dll+0x267cb3]
V  [jvm.dll+0x25f5b5]
V  [jvm.dll+0xbf165]
V  [jvm.dll+0xbf60c]
V  [jvm.dll+0x45d672]
V  [jvm.dll+0x49e8ef]
V  [jvm.dll+0x4524ef]
V  [jvm.dll+0x453864]
V  [jvm.dll+0x437372]
V  [jvm.dll+0x98a02]
V  [jvm.dll+0x991f3]
V  [jvm.dll+0x22bde4]
V  [jvm.dll+0x2852fa]
C  [msvcr100.dll+0x21d9f]
C  [msvcr100.dll+0x21e3b]
C  [KERNEL32.DLL+0x18102]
C  [ntdll.dll+0x5c5b4]


Current CompileTask:
C2:   4005 1322       4       com.android.dx.ssa.SCCP::simulatePhi (169 bytes)


---------------  P R O C E S S  ---------------

Java Threads: ( => current thread )
  0x0000000016ac0800 JavaThread "Service Thread" daemon [_thread_blocked, id=7344, stack(0x0000000016f30000,0x0000000017030000)]
  0x0000000016a3b000 JavaThread "C1 CompilerThread2" daemon [_thread_blocked, id=9592, stack(0x0000000016e30000,0x0000000016f30000)]
  0x000000001532b000 JavaThread "C2 CompilerThread1" daemon [_thread_in_native, id=8004, stack(0x0000000016930000,0x0000000016a30000)]
=>0x0000000015328800 JavaThread "C2 CompilerThread0" daemon [_thread_in_native, id=2728, stack(0x0000000016830000,0x0000000016930000)]
  0x00000000152dd800 JavaThread "Attach Listener" daemon [_thread_blocked, id=8320, stack(0x0000000016730000,0x0000000016830000)]
  0x00000000152c7800 JavaThread "Signal Dispatcher" daemon [_thread_blocked, id=1964, stack(0x0000000016630000,0x0000000016730000)]
  0x0000000002bf0800 JavaThread "Finalizer" daemon [_thread_blocked, id=7432, stack(0x0000000016530000,0x0000000016630000)]
  0x0000000002bed000 JavaThread "Reference Handler" daemon [_thread_blocked, id=9676, stack(0x0000000016430000,0x0000000016530000)]
  0x000000000104d800 JavaThread "main" [_thread_in_vm, id=6280, stack(0x0000000000f30000,0x0000000001030000)]

Other Threads:
  0x0000000015296800 VMThread [stack: 0x0000000016330000,0x0000000016430000] [id=8960]
  0x0000000016ac5800 WatcherThread [stack: 0x0000000017030000,0x0000000017130000] [id=4568]

VM state:not at safepoint (normal execution)

VM Mutex/Monitor currently owned by a thread: None

Heap:
 PSYoungGen      total 38400K, used 17969K [0x00000000eab00000, 0x00000000ed580000, 0x0000000100000000)
  eden space 33280K, 38% used [0x00000000eab00000,0x00000000eb78cfc0,0x00000000ecb80000)
  from space 5120K, 99% used [0x00000000ecb80000,0x00000000ed07f810,0x00000000ed080000)
  to   space 5120K, 0% used [0x00000000ed080000,0x00000000ed080000,0x00000000ed580000)
 ParOldGen       total 87552K, used 503K [0x00000000c0000000, 0x00000000c5580000, 0x00000000eab00000)
  object space 87552K, 0% used [0x00000000c0000000,0x00000000c007dd00,0x00000000c5580000)
 Metaspace       used 5583K, capacity 6832K, committed 7040K, reserved 1056768K
  class space    used 551K, capacity 616K, committed 640K, reserved 1048576K

Card table byte_map: [0x0000000011fc0000,0x00000000121d0000] byte_map_base: 0x00000000119c0000

Marking Bits: (ParMarkBitMap*) 0x000000005ba0d490
 Begin Bits: [0x0000000012730000, 0x0000000013730000)
 End Bits:   [0x0000000013730000, 0x0000000014730000)

Polling page: 0x0000000000be0000

CodeCache: size=245760Kb used=5200Kb max_used=5200Kb free=240559Kb
 bounds [0x0000000002c00000, 0x0000000003120000, 0x0000000011c00000]
 total_blobs=1575 nmethods=1313 adapters=176
 compilation: enabled

Compilation events (10 events):
Event: 3.927 Thread 0x0000000016a3b000 nmethod 1317 0x0000000003112bd0 code [0x0000000003112d60, 0x0000000003113178]
Event: 3.928 Thread 0x000000001532b000 1318       4       com.android.dx.ssa.SsaBasicBlock::newFromRop (183 bytes)
Event: 3.939 Thread 0x0000000015328800 nmethod 1305% 0x0000000003107550 code [0x00000000031076a0, 0x0000000003107898]
Event: 3.942 Thread 0x0000000015328800 1319       4       com.android.dx.ssa.SsaMethod::indexListFromLabelList (47 bytes)
Event: 3.954 Thread 0x0000000015328800 nmethod 1319 0x0000000003114dd0 code [0x0000000003114f40, 0x0000000003115698]
Event: 3.955 Thread 0x0000000016a3b000 1320       3       com.android.dx.util.IntList::makeImmutable (25 bytes)
Event: 3.955 Thread 0x0000000016a3b000 nmethod 1320 0x00000000031146d0 code [0x0000000003114860, 0x0000000003114c88]
Event: 3.956 Thread 0x0000000015328800 1321   !   4       com.android.dx.cf.code.BaseMachine::arg (36 bytes)
Event: 3.957 Thread 0x0000000015328800 nmethod 1321 0x0000000003114410 code [0x0000000003114540, 0x00000000031145f8]
Event: 3.959 Thread 0x0000000015328800 1322       4       com.android.dx.ssa.SCCP::simulatePhi (169 bytes)

GC Heap History (2 events):
Event: 2.886 GC heap before
{Heap before GC invocations=1 (full 0):
 PSYoungGen      total 38400K, used 33280K [0x00000000eab00000, 0x00000000ed580000, 0x0000000100000000)
  eden space 33280K, 100% used [0x00000000eab00000,0x00000000ecb80000,0x00000000ecb80000)
  from space 5120K, 0% used [0x00000000ed080000,0x00000000ed080000,0x00000000ed580000)
  to   space 5120K, 0% used [0x00000000ecb80000,0x00000000ecb80000,0x00000000ed080000)
 ParOldGen       total 87552K, used 0K [0x00000000c0000000, 0x00000000c5580000, 0x00000000eab00000)
  object space 87552K, 0% used [0x00000000c0000000,0x00000000c0000000,0x00000000c5580000)
 Metaspace       used 5558K, capacity 6832K, committed 7040K, reserved 1056768K
  class space    used 549K, capacity 616K, committed 640K, reserved 1048576K
Event: 2.895 GC heap after
Heap after GC invocations=1 (full 0):
 PSYoungGen      total 38400K, used 5118K [0x00000000eab00000, 0x00000000ed580000, 0x0000000100000000)
  eden space 33280K, 0% used [0x00000000eab00000,0x00000000eab00000,0x00000000ecb80000)
  from space 5120K, 99% used [0x00000000ecb80000,0x00000000ed07f810,0x00000000ed080000)
  to   space 5120K, 0% used [0x00000000ed080000,0x00000000ed080000,0x00000000ed580000)
 ParOldGen       total 87552K, used 503K [0x00000000c0000000, 0x00000000c5580000, 0x00000000eab00000)
  object space 87552K, 0% used [0x00000000c0000000,0x00000000c007dd00,0x00000000c5580000)
 Metaspace       used 5558K, capacity 6832K, committed 7040K, reserved 1056768K
  class space    used 549K, capacity 616K, committed 640K, reserved 1048576K
}

Deoptimization events (10 events):
Event: 2.932 Thread 0x000000000104d800 Uncommon trap: reason=bimorphic action=maybe_recompile pc=0x0000000002fdd60c method=com.android.dx.ssa.SCCP.setLatticeValueTo(IILcom/android/dx/rop/cst/Constant;)Z @ 43
Event: 2.933 Thread 0x000000000104d800 Uncommon trap: reason=bimorphic action=maybe_recompile pc=0x0000000002fdd60c method=com.android.dx.ssa.SCCP.setLatticeValueTo(IILcom/android/dx/rop/cst/Constant;)Z @ 43
Event: 2.933 Thread 0x000000000104d800 Uncommon trap: reason=bimorphic action=maybe_recompile pc=0x0000000002e3686c method=java.util.HashMap.getNode(ILjava/lang/Object;)Ljava/util/HashMap$Node; @ 126
Event: 2.933 Thread 0x000000000104d800 Uncommon trap: reason=class_check action=maybe_recompile pc=0x0000000002fea258 method=java.util.HashMap.putVal(ILjava/lang/Object;Ljava/lang/Object;ZZ)Ljava/lang/Object; @ 203
Event: 2.989 Thread 0x000000000104d800 Uncommon trap: reason=bimorphic action=maybe_recompile pc=0x0000000002fdd60c method=com.android.dx.ssa.SCCP.setLatticeValueTo(IILcom/android/dx/rop/cst/Constant;)Z @ 43
Event: 2.989 Thread 0x000000000104d800 Uncommon trap: reason=bimorphic action=maybe_recompile pc=0x0000000002fdd60c method=com.android.dx.ssa.SCCP.setLatticeValueTo(IILcom/android/dx/rop/cst/Constant;)Z @ 43
Event: 3.959 Thread 0x000000000104d800 Uncommon trap: reason=bimorphic action=maybe_recompile pc=0x00000000030fb5c4 method=com.android.dx.ssa.SCCP.simulatePhi(Lcom/android/dx/ssa/PhiInsn;)V @ 124
Event: 3.959 Thread 0x000000000104d800 Uncommon trap: reason=bimorphic action=maybe_recompile pc=0x00000000030fb5c4 method=com.android.dx.ssa.SCCP.simulatePhi(Lcom/android/dx/ssa/PhiInsn;)V @ 124
Event: 3.959 Thread 0x000000000104d800 Uncommon trap: reason=bimorphic action=maybe_recompile pc=0x00000000030fb5c4 method=com.android.dx.ssa.SCCP.simulatePhi(Lcom/android/dx/ssa/PhiInsn;)V @ 124
Event: 3.959 Thread 0x000000000104d800 Uncommon trap: reason=bimorphic action=maybe_recompile pc=0x00000000030fb5c4 method=com.android.dx.ssa.SCCP.simulatePhi(Lcom/android/dx/ssa/PhiInsn;)V @ 124

Internal exceptions (10 events):
Event: 1.574 Thread 0x000000000104d800 Exception <a 'java/security/PrivilegedActionException'> (0x00000000eb43c0f8) thrown at [D:\re\workspace\8-2-build-windows-amd64-cygwin\jdk8u25\1677\hotspot\src\share\vm\prims\jvm.cpp, line 1312]
Event: 1.576 Thread 0x000000000104d800 Exception <a 'java/security/PrivilegedActionException'> (0x00000000eb440268) thrown at [D:\re\workspace\8-2-build-windows-amd64-cygwin\jdk8u25\1677\hotspot\src\share\vm\prims\jvm.cpp, line 1312]
Event: 1.578 Thread 0x000000000104d800 Exception <a 'java/security/PrivilegedActionException'> (0x00000000eb444040) thrown at [D:\re\workspace\8-2-build-windows-amd64-cygwin\jdk8u25\1677\hotspot\src\share\vm\prims\jvm.cpp, line 1312]
Event: 1.679 Thread 0x000000000104d800 Exception <a 'java/security/PrivilegedActionException'> (0x00000000eb5b8138) thrown at [D:\re\workspace\8-2-build-windows-amd64-cygwin\jdk8u25\1677\hotspot\src\share\vm\prims\jvm.cpp, line 1312]
Event: 1.680 Thread 0x000000000104d800 Exception <a 'java/security/PrivilegedActionException'> (0x00000000eb5bb548) thrown at [D:\re\workspace\8-2-build-windows-amd64-cygwin\jdk8u25\1677\hotspot\src\share\vm\prims\jvm.cpp, line 1312]
Event: 2.138 Thread 0x000000000104d800 Implicit null exception at 0x0000000002fc4649 to 0x0000000002fc5b35
Event: 2.201 Thread 0x000000000104d800 Implicit null exception at 0x0000000002fccd47 to 0x0000000002fce219
Event: 2.695 Thread 0x000000000104d800 Exception <a 'java/security/PrivilegedActionException'> (0x00000000ec7911b0) thrown at [D:\re\workspace\8-2-build-windows-amd64-cygwin\jdk8u25\1677\hotspot\src\share\vm\prims\jvm.cpp, line 1312]
Event: 2.995 Thread 0x000000000104d800 Exception <a 'java/security/PrivilegedActionException'> (0x00000000eae893a0) thrown at [D:\re\workspace\8-2-build-windows-amd64-cygwin\jdk8u25\1677\hotspot\src\share\vm\prims\jvm.cpp, line 1312]
Event: 3.198 Thread 0x000000000104d800 Exception <a 'java/security/PrivilegedActionException'> (0x00000000eb011330) thrown at [D:\re\workspace\8-2-build-windows-amd64-cygwin\jdk8u25\1677\hotspot\src\share\vm\prims\jvm.cpp, line 1312]

Events (10 events):
Event: 3.959 Thread 0x000000000104d800 DEOPT UNPACKING pc=0x0000000002c4556a sp=0x000000000102e798 mode 2
Event: 3.959 Thread 0x000000000104d800 Uncommon trap: trap_request=0xffffffc6 fr.pc=0x00000000030fb5c4
Event: 3.959 Thread 0x000000000104d800 DEOPT PACKING pc=0x00000000030fb5c4 sp=0x000000000102e7e0
Event: 3.959 Thread 0x000000000104d800 DEOPT UNPACKING pc=0x0000000002c4556a sp=0x000000000102e798 mode 2
Event: 3.959 Thread 0x000000000104d800 Uncommon trap: trap_request=0xffffffc6 fr.pc=0x00000000030fb5c4
Event: 3.959 Thread 0x000000000104d800 DEOPT PACKING pc=0x00000000030fb5c4 sp=0x000000000102e7e0
Event: 3.959 Thread 0x000000000104d800 DEOPT UNPACKING pc=0x0000000002c4556a sp=0x000000000102e798 mode 2
Event: 3.959 Thread 0x000000000104d800 Uncommon trap: trap_request=0xffffffc6 fr.pc=0x00000000030fb5c4
Event: 3.959 Thread 0x000000000104d800 DEOPT PACKING pc=0x00000000030fb5c4 sp=0x000000000102e7e0
Event: 3.959 Thread 0x000000000104d800 DEOPT UNPACKING pc=0x0000000002c4556a sp=0x000000000102e798 mode 2


Dynamic libraries:
0x00007ff61b310000 - 0x00007ff61b344000 	C:\Program Files\Java\jdk1.8.0_25\bin\java.exe
0x00007ffcc2e70000 - 0x00007ffcc3031000 	C:\WINDOWS\SYSTEM32\ntdll.dll
0x00007ffcc2220000 - 0x00007ffcc22cd000 	C:\WINDOWS\system32\KERNEL32.DLL
0x00007ffcbff80000 - 0x00007ffcc0168000 	C:\WINDOWS\system32\KERNELBASE.dll
0x00007ffcc0c10000 - 0x00007ffcc0cb7000 	C:\WINDOWS\system32\ADVAPI32.dll
0x00007ffcc2920000 - 0x00007ffcc29bd000 	C:\WINDOWS\system32\msvcrt.dll
0x00007ffcc22d0000 - 0x00007ffcc232b000 	C:\WINDOWS\system32\sechost.dll
0x00007ffcc0430000 - 0x00007ffcc054c000 	C:\WINDOWS\system32\RPCRT4.dll
0x00007ffcc0ab0000 - 0x00007ffcc0c06000 	C:\WINDOWS\system32\USER32.dll
0x00007ffcc0550000 - 0x00007ffcc06d6000 	C:\WINDOWS\system32\GDI32.dll
0x00007ffcb5fc0000 - 0x00007ffcb6234000 	C:\WINDOWS\WinSxS\amd64_microsoft.windows.common-controls_6595b64144ccf1df_6.0.10586.494_none_a2d8b04ea53e3145\COMCTL32.dll
0x00007ffcc0740000 - 0x00007ffcc09bd000 	C:\WINDOWS\system32\combase.dll
0x00007ffcc0200000 - 0x00007ffcc026a000 	C:\WINDOWS\system32\bcryptPrimitives.dll
0x00007ffcc09c0000 - 0x00007ffcc09fb000 	C:\WINDOWS\system32\IMM32.DLL
0x000000005a400000 - 0x000000005a4d2000 	C:\Program Files\Java\jdk1.8.0_25\jre\bin\msvcr100.dll
0x000000005b230000 - 0x000000005ba8a000 	C:\Program Files\Java\jdk1.8.0_25\jre\bin\server\jvm.dll
0x00007ffcc2e50000 - 0x00007ffcc2e58000 	C:\WINDOWS\system32\PSAPI.DLL
0x00007ffcb35e0000 - 0x00007ffcb35e9000 	C:\WINDOWS\SYSTEM32\WSOCK32.dll
0x00007ffcc2dc0000 - 0x00007ffcc2e2b000 	C:\WINDOWS\system32\WS2_32.dll
0x00007ffcbdab0000 - 0x00007ffcbdad3000 	C:\WINDOWS\SYSTEM32\WINMM.dll
0x00007ffcbda50000 - 0x00007ffcbda7c000 	C:\WINDOWS\SYSTEM32\WINMMBASE.dll
0x00007ffcbf7c0000 - 0x00007ffcbf803000 	C:\WINDOWS\system32\cfgmgr32.dll
0x000000005b140000 - 0x000000005b14f000 	C:\Program Files\Java\jdk1.8.0_25\jre\bin\verify.dll
0x000000005b110000 - 0x000000005b138000 	C:\Program Files\Java\jdk1.8.0_25\jre\bin\java.dll
0x000000005b0f0000 - 0x000000005b106000 	C:\Program Files\Java\jdk1.8.0_25\jre\bin\zip.dll
0x00007ffcc0cc0000 - 0x00007ffcc221c000 	C:\WINDOWS\system32\SHELL32.dll
0x00007ffcbf930000 - 0x00007ffcbff75000 	C:\WINDOWS\system32\windows.storage.dll
0x00007ffcc06e0000 - 0x00007ffcc0732000 	C:\WINDOWS\system32\shlwapi.dll
0x00007ffcbf4c0000 - 0x00007ffcbf4cf000 	C:\WINDOWS\system32\kernel.appcore.dll
0x00007ffcbf810000 - 0x00007ffcbf8c5000 	C:\WINDOWS\system32\shcore.dll
0x00007ffcbf4d0000 - 0x00007ffcbf51b000 	C:\WINDOWS\system32\powrprof.dll
0x00007ffcbf490000 - 0x00007ffcbf4a4000 	C:\WINDOWS\system32\profapi.dll
0x00007ffca5100000 - 0x00007ffca528c000 	C:\WINDOWS\SYSTEM32\dbghelp.dll

VM Arguments:
jvm_args: -Djava.awt.headless=true -Xmx1024M -Dfile.encoding=GBK -Duser.country=CN -Duser.language=zh -Duser.variant 
java_command: com.android.dx.command.Main --dex --force-jumbo --multi-dex --output C:\Users\Administrator\MyLEDDemo\HaxLogs.txt\app\build\intermediates\transforms\dex\debug\folders\1000\10\instant-run_02795d400db875eae04020610c526b886469be90 C:\Users\Administrator\MyLEDDemo\HaxLogs.txt\app\build\intermediates\incremental-runtime-classes\debug\instant-run.jar
java_class_path (initial): F:\adt-bundle-windows\adt-bundle-windows-x86_64-20140702\sdk\build-tools\22.0.1\lib\dx.jar
Launcher Type: SUN_STANDARD

Environment Variables:
JAVA_HOME=C:\Program Files\Java\jdk1.8.0_25
CLASSPATH=.;C:\Program Files\Java\jdk1.8.0_25\lib\dt.jar;C:\Program Files\Java\jdk1.8.0_25\lib\tools.jar
PATH=C:\ProgramData\Oracle\Java\javapath;C:\Program Files\Common Files\Intel\WirelessCommon\;C:\Program Files\Java\jdk1.8.0_25\bin;C:\Program Files\Java\jdk1.8.0_25\jre\bin;C:\WINDOWS\system32;F:\adt-bundle-windows\adt-bundle-windows-x86_64-20140702\sdk\platform-tools;C:\WINDOWS\system32;C:\WINDOWS;C:\WINDOWS\System32\Wbem;C:\WINDOWS\System32\WindowsPowerShell\v1.0\;C:\Program Files (x86)\ATI Technologies\ATI.ACE\Core-Static;F:\adt-bundle-windows\android-ndk64-r10b-windows-x86_64\android-ndk-r10b;D:\Program Files\TortoiseSVN\bin
USERNAME=Administrator
OS=Windows_NT
PROCESSOR_IDENTIFIER=Intel64 Family 6 Model 61 Stepping 4, GenuineIntel



---------------  S Y S T E M  ---------------

OS: Windows 8.1 , 64 bit Build 9600 

CPU:total 4 (2 cores per cpu, 2 threads per core) family 6 model 61 stepping 4, cmov, cx8, fxsr, mmx, sse, sse2, sse3, ssse3, sse4.1, sse4.2, popcnt, avx, avx2, aes, clmul, erms, lzcnt, ht, tsc, tscinvbit, bmi1, bmi2

Memory: 4k page, physical 8301016k(448880k free), swap 10398168k(5240k free)

vm_info: Java HotSpot(TM) 64-Bit Server VM (25.25-b02) for windows-amd64 JRE (1.8.0_25-b18), built on Oct  7 2014 14:25:37 by "java_re" with MS VC++ 10.0 (VS2010)

time: Thu Aug 25 15:48:03 2016
elapsed time: 4 seconds (0d 0h 0m 4s)

